============================= test session starts ==============================
platform linux -- Python 3.12.1, pytest-9.0.3, pluggy-1.6.0
rootdir: /workspaces/REMORA
configfile: pyproject.toml
plugins: anyio-4.12.1, cov-7.1.0
collected 1954 items / 20 deselected / 1 skipped / 1934 selected

tests/test_ablation_v2.py ..                                             [  0%]
tests/test_access_context.py .......................                     [  1%]
tests/test_action_gate_adapters.py ..                                    [  1%]
tests/test_adaptation.py ..............................                  [  2%]
tests/test_agent_hook.py ...........                                     [  3%]
tests/test_assurance_envelope.py .............                           [  4%]
tests/test_assurance_merkle.py ......                                    [  4%]
tests/test_assurance_trace.py ....                                       [  4%]
tests/test_ast_guard.py .................sss..                           [  5%]
tests/test_audit_anchor.py ......                                        [  6%]
tests/test_audit_hash_chain.py .......                                   [  6%]
tests/test_benchmarks_standard.py ...................................... [  8%]
...................                                                      [  9%]
tests/test_binomial_bounds.py ..................                         [ 10%]
tests/test_bootstrap_trust_curve.py ....                                 [ 10%]
tests/test_build_benchmark.py ..                                         [ 10%]
tests/test_canonical.py ............                                     [ 11%]
tests/test_cascade.py .................................................. [ 13%]
......                                                                   [ 14%]
tests/test_causality.py ..                                               [ 14%]
tests/test_causality_v2.py .............                                 [ 14%]
tests/test_check_claim_sync.py ...                                       [ 15%]
tests/test_claim_consistency_audit.py .                                  [ 15%]
tests/test_claim_graph.py ........                                       [ 15%]
tests/test_claim_graph_build_from_claims.py ......                       [ 15%]
tests/test_cloudflare_rag.py ...........                                 [ 16%]
tests/test_confidence_extractor.py ....................                  [ 17%]
tests/test_conformal.py ......                                           [ 17%]
tests/test_conformal_repeated_splits.py ...                              [ 17%]
tests/test_continual_realigner.py ...                                    [ 18%]
tests/test_control_plane_store.py ..                                     [ 18%]
tests/test_correlation.py .........                                      [ 18%]
tests/test_counterfactual.py ..                                          [ 18%]
tests/test_crc.py ............................................           [ 21%]
tests/test_decision_envelope_v2.py ........                              [ 21%]
tests/test_domain_classifier.py .............................            [ 23%]
tests/test_domain_optimizer.py ...............                           [ 23%]
tests/test_drift_detector.py ............                                [ 24%]
tests/test_end_to_end_n500_v3.py .........................               [ 25%]
tests/test_engine.py ..................                                  [ 26%]
tests/test_engine_policy_report.py .......................               [ 27%]
tests/test_escalation_contract.py ..................                     [ 28%]
tests/test_evidence_router.py .................................          [ 30%]
tests/test_evidence_v2.py .....                                          [ 30%]
tests/test_evidence_v3.py .........................                      [ 32%]
tests/test_evidence_verifier.py ....                                     [ 32%]
tests/test_feature_join.py ...............                               [ 32%]
tests/test_future_concept.py ...                                         [ 33%]
tests/test_gaa.py .                                                      [ 33%]
tests/test_gainability.py ....                                           [ 33%]
tests/test_gainability_routing_v2.py .....                               [ 33%]
tests/test_gateway_adapter.py ........                                   [ 34%]
tests/test_governance_benchmark_package.py .                             [ 34%]
tests/test_governance_context_flow.py .....                              [ 34%]
tests/test_governance_drift_monitor.py ......                            [ 34%]
tests/test_governance_forgetting_metrics.py ....                         [ 34%]
tests/test_governance_memory_gate.py .....                               [ 35%]
tests/test_governance_memory_layers.py .....                             [ 35%]
tests/test_governance_policy_proposals.py ....                           [ 35%]
tests/test_guardrail.py .........................                        [ 36%]
tests/test_hallucination_bound_theorem.py ............                   [ 37%]
tests/test_joint_convergence.py .....................................    [ 39%]
tests/test_jsonl_audit_hash_chain.py .....                               [ 39%]
tests/test_knowledge_dataset.py ...........................              [ 41%]
tests/test_llm_judge.py ..............                                   [ 41%]
tests/test_lyapunov.py ...........                                       [ 42%]
tests/test_lyapunov_autonomy.py ....................                     [ 43%]
tests/test_mcp_remora.py ....................                            [ 44%]
tests/test_moa_synthesizer.py ...............                            [ 45%]
tests/test_nested_governance.py .........                                [ 45%]
tests/test_new_modules.py ............................................   [ 47%]
tests/test_norwegian_law.py ......                                       [ 48%]
tests/test_opa_adapter.py ................                               [ 49%]
tests/test_oracle_diversity.py ...........................               [ 50%]
tests/test_otel.py ...............                                       [ 51%]
tests/test_phase_stability.py ....                                       [ 51%]
tests/test_platt_scaler.py .......................                       [ 52%]
tests/test_policy_curated_suite.py ......................                [ 53%]
tests/test_policy_decision_engine.py ................................... [ 55%]
.................................                                        [ 57%]
tests/test_policy_invariants_prop.py ................................... [ 59%]
........................................................................ [ 62%]
........................................................................ [ 66%]
........................................................................ [ 70%]
.........................                                                [ 71%]
tests/test_pvd.py .................................                      [ 73%]
tests/test_query_opa_policy.py ........                                  [ 73%]
tests/test_rdf_export.py ...............                                 [ 74%]
tests/test_relations.py ......                                           [ 74%]
tests/test_remora_toolcall_gate.py ...                                   [ 74%]
tests/test_remora_toolcall_gate_v2.py .                                  [ 75%]
tests/test_response_rho_not_error_rho.py ...                             [ 75%]
tests/test_review_readiness_docs.py ......                               [ 75%]
tests/test_roles.py ............                                         [ 76%]
tests/test_runtime_evidence_pack_builder.py ..                           [ 76%]
tests/test_scoring.py ...........                                        [ 76%]
tests/test_security_hardening.py .....                                   [ 77%]
tests/test_selective_n500.py ...........................                 [ 78%]
tests/test_selective_router.py ....................                      [ 79%]
tests/test_selective_trust_curve.py ....                                 [ 79%]
tests/test_semantic_entropy.py ...................................       [ 81%]
tests/test_shadow_replay.py ......                                       [ 81%]
tests/test_shell_ast.py ...................................              [ 83%]
tests/test_sources.py ....                                               [ 83%]
tests/test_static_jsonl_evidence_provider.py ........................... [ 85%]
..........                                                               [ 85%]
tests/test_statphys.py ....................................              [ 87%]
tests/test_temperature_prior.py ............                             [ 88%]
tests/test_thermodynamic_evidence.py ....................                [ 89%]
tests/test_thermodynamics.py ............................                [ 90%]
tests/test_toolcall_baselines.py ..                                      [ 90%]
tests/test_toolcall_benchmark_generation.py ...                          [ 90%]
tests/test_toolcall_benchmark_v2_generation.py ...                       [ 91%]
tests/test_toolcall_benchmark_v2_results.py ...                          [ 91%]
tests/test_toolcall_dataset.py ...............                           [ 92%]
tests/test_toolcall_experiment_outputs.py ..                             [ 92%]
tests/test_toolcall_live_execution.py ....                               [ 92%]
tests/test_toolcall_schema.py ..........                                 [ 92%]
tests/test_toolcall_scoring.py ...                                       [ 93%]
tests/test_toolcall_simulators.py ...                                    [ 93%]
tests/test_toolcall_stress_replay.py ...                                 [ 93%]
tests/test_toolcall_v2_results.py ..                                     [ 93%]
tests/test_toolcall_v2_significance.py ..                                [ 93%]
tests/test_toolcall_v3.py .............................................. [ 95%]
.............                                                            [ 96%]
tests/test_topology.py ..                                                [ 96%]
tests/test_trust_calibrator.py ...........................               [ 98%]
tests/test_trust_score_drift.py .............                            [ 98%]
tests/test_uncertainty_decompose.py .......................              [ 99%]
tests/test_zkp.py .                                                      [100%]

=============== 1931 passed, 4 skipped, 20 deselected in 53.84s ================
